e:\ase\poo\calculator-poo\calculator\x64\debug\vc143.pdb
e:\ase\poo\calculator-poo\calculator\x64\debug\vc143.idb
e:\ase\poo\calculator-poo\calculator\x64\debug\sstream.obj
e:\ase\poo\calculator-poo\calculator\x64\debug\rpnevaluator.obj
e:\ase\poo\calculator-poo\calculator\x64\debug\rpnconverter.obj
e:\ase\poo\calculator-poo\calculator\x64\debug\main.obj
e:\ase\poo\calculator-poo\calculator\x64\debug\calculator.obj
e:\ase\poo\calculator-poo\calculator\x64\debug\stack.obj
e:\ase\poo\calculator-poo\x64\debug\vc143.pdb
e:\ase\poo\calculator-poo\x64\debug\vc143.idb
e:\ase\poo\calculator-poo\x64\debug\stack.obj
e:\ase\poo\calculator-poo\x64\debug\sstream.obj
e:\ase\poo\calculator-poo\x64\debug\rpnevaluator.obj
e:\ase\poo\calculator-poo\x64\debug\main.obj
e:\ase\poo\calculator-poo\x64\debug\calculator.obj
e:\ase\poo\calculator-poo\x64\debug\rpnconverter.obj
e:\ase\poo\calculator-poo\x64\debug\calculator.ilk
e:\ase\poo\calculator-poo\x64\debug\calculator.exe
e:\ase\poo\calculator-poo\x64\debug\calculator.pdb
e:\ase\poo\calculator-poo\x64\debug\calculator.tlog\cl.command.1.tlog
e:\ase\poo\calculator-poo\x64\debug\calculator.tlog\cl.read.1.tlog
e:\ase\poo\calculator-poo\x64\debug\calculator.tlog\cl.write.1.tlog
e:\ase\poo\calculator-poo\x64\debug\calculator.tlog\link.command.1.tlog
e:\ase\poo\calculator-poo\x64\debug\calculator.tlog\link.read.1.tlog
e:\ase\poo\calculator-poo\x64\debug\calculator.tlog\link.write.1.tlog
